<?xml version="1.0" encoding="UTF-8"?>
<testsuite name="UTOM_API_JWT_TOKEN.TestSuite" tests="25" failures="1" errors="0" time="3862.861"><properties><property name="java.runtime.name" value="Java(TM) SE Runtime Environment"/><property name="sun.boot.library.path" value="C:\Program Files\Java\jdk1.8.0_101\jre\bin"/><property name="java.vm.version" value="25.101-b13"/><property name="maven.multiModuleProjectDirectory" value="C:\APITesting\UTOM_API_JWT_TOKEN"/><property name="java.vm.vendor" value="Oracle Corporation"/><property name="java.vendor.url" value="http://java.oracle.com/"/><property name="guice.disable.misplaced.annotation.check" value="true"/><property name="path.separator" value=";"/><property name="java.vm.name" value="Java HotSpot(TM) 64-Bit Server VM"/><property name="file.encoding.pkg" value="sun.io"/><property name="user.country" value="IN"/><property name="user.script" value=""/><property name="sun.java.launcher" value="SUN_STANDARD"/><property name="sun.os.patch.level" value=""/><property name="java.vm.specification.name" value="Java Virtual Machine Specification"/><property name="user.dir" value="C:\APITesting\UTOM_API_JWT_TOKEN"/><property name="java.runtime.version" value="1.8.0_101-b13"/><property name="java.awt.graphicsenv" value="sun.awt.Win32GraphicsEnvironment"/><property name="java.endorsed.dirs" value="C:\Program Files\Java\jdk1.8.0_101\jre\lib\endorsed"/><property name="os.arch" value="amd64"/><property name="java.io.tmpdir" value="C:\Users\SURAJK~1\AppData\Local\Temp\"/><property name="line.separator" value="
"/><property name="java.vm.specification.vendor" value="Oracle Corporation"/><property name="user.variant" value=""/><property name="os.name" value="Windows 10"/><property name="classworlds.conf" value="C:\apache-maven-3.6.3-bin\apache-maven-3.6.3\bin\..\bin\m2.conf"/><property name="sun.jnu.encoding" value="Cp1252"/><property name="java.library.path" value="C:\Program Files\Java\jdk1.8.0_101\bin;C:\WINDOWS\Sun\Java\bin;C:\WINDOWS\system32;C:\WINDOWS;C:\Program Files\Microsoft MPI\Bin\;C:\Program Files\Java\jdk1.8.0_101\bin;C:\apache-maven-3.6.3-bin\apache-maven-3.6.3\bin;C:\WINDOWS\system32;C:\WINDOWS;C:\Program Files (x86)\Common Files\Oracle\Java\javapath;C:\WINDOWS\System32\Wbem;C:\WINDOWS\System32\WindowsPowerShell\v1.0\;C:\WINDOWS\System32\OpenSSH\;C:\Program Files\Git\cmd;C:\Program Files (x86)\Microsoft SQL Server\150\DTS\Binn\;C:\Program Files\Docker\Docker\resources\bin;C:\ProgramData\DockerDesktop\version-bin;C:\Program Files\Microsoft SQL Server\Client SDK\ODBC\170\Tools\Binn\;C:\Program Files (x86)\NuGet;C:\Program Files (x86)\Microsoft SQL Server\150\Tools\Binn\;C:\Program Files\Microsoft SQL Server\150\Tools\Binn\;C:\Program Files\Microsoft SQL Server\150\DTS\Binn\;C:\Users\Suraj khole\OneDrive - ADROSONIC IT Consultancy Services Pvt. Ltd\Desktop\Suraj\Trainings\axis2-1.6.2\bin;C:\apache-jmeter-5.4.1\apache-jmeter-5.4.1\bin;C:\Users\Suraj khole\AppData\Local\Microsoft\WindowsApps;C:\Users\Suraj khole\AppData\Local\GitHubDesktop\bin;C:\Users\Suraj khole\AppData\Local\Microsoft\WindowsApps;;."/><property name="maven.conf" value="C:\apache-maven-3.6.3-bin\apache-maven-3.6.3\bin\../conf"/><property name="sun.awt.enableExtraMouseButtons" value="true"/><property name="java.specification.name" value="Java Platform API Specification"/><property name="java.class.version" value="52.0"/><property name="sun.management.compiler" value="HotSpot 64-Bit Tiered Compilers"/><property name="os.version" value="10.0"/><property name="library.jansi.path" value="C:\apache-maven-3.6.3-bin\apache-maven-3.6.3\bin\..\lib\jansi-native"/><property name="user.home" value="C:\Users\Suraj khole"/><property name="user.timezone" value="Asia/Calcutta"/><property name="java.awt.printerjob" value="sun.awt.windows.WPrinterJob"/><property name="file.encoding" value="Cp1252"/><property name="java.specification.version" value="1.8"/><property name="java.class.path" value="C:\apache-maven-3.6.3-bin\apache-maven-3.6.3\bin\..\boot\plexus-classworlds-2.6.0.jar"/><property name="user.name" value="Suraj khole"/><property name="java.vm.specification.version" value="1.8"/><property name="sun.java.command" value="org.codehaus.plexus.classworlds.launcher.Launcher test"/><property name="java.home" value="C:\Program Files\Java\jdk1.8.0_101\jre"/><property name="sun.arch.data.model" value="64"/><property name="user.language" value="en"/><property name="java.specification.vendor" value="Oracle Corporation"/><property name="awt.toolkit" value="sun.awt.windows.WToolkit"/><property name="java.vm.info" value="mixed mode"/><property name="java.version" value="1.8.0_101"/><property name="java.ext.dirs" value="C:\Program Files\Java\jdk1.8.0_101\jre\lib\ext;C:\WINDOWS\Sun\Java\lib\ext"/><property name="sun.boot.class.path" value="C:\Program Files\Java\jdk1.8.0_101\jre\lib\resources.jar;C:\Program Files\Java\jdk1.8.0_101\jre\lib\rt.jar;C:\Program Files\Java\jdk1.8.0_101\jre\lib\sunrsasign.jar;C:\Program Files\Java\jdk1.8.0_101\jre\lib\jsse.jar;C:\Program Files\Java\jdk1.8.0_101\jre\lib\jce.jar;C:\Program Files\Java\jdk1.8.0_101\jre\lib\charsets.jar;C:\Program Files\Java\jdk1.8.0_101\jre\lib\jfr.jar;C:\Program Files\Java\jdk1.8.0_101\jre\classes"/><property name="java.vendor" value="Oracle Corporation"/><property name="sun.stderr.encoding" value="cp437"/><property name="maven.home" value="C:\apache-maven-3.6.3-bin\apache-maven-3.6.3\bin\.."/><property name="file.separator" value="\"/><property name="java.vendor.url.bug" value="http://bugreport.sun.com/bugreport/"/><property name="sun.io.unicode.encoding" value="UnicodeLittle"/><property name="sun.cpu.endian" value="little"/><property name="sun.stdout.encoding" value="cp437"/><property name="sun.desktop" value="windows"/><property name="sun.cpu.isalist" value="amd64"/></properties><testcase name="TC_ApplicationByApplicationIdByAssociatedParties" time="93.983"/><testcase name="TC_ApplicationByApplicationIdByBrokers" time="87.453"/><testcase name="TC_ApplicationByApplicationIdByDocuments" time="87.75"/><testcase name="TC_ApplicationByApplicaitonIdByJointAssureds" time="103.195"/><testcase name="TC_ApplicationByApplicationIdByMembers" time="73.088"/><testcase name="TC_ApplicationByApplicationIdByRisks" time="1530.107"/><testcase name="TC_ApplicationByApplicationIdByTransactionsByTransactionIdbyDocuments" time="87.317"/><testcase name="TC_ApplicationByApplicationIdByTransactions" time="39.635"/><testcase name="TC_ApplicationByApplicationIdByDocumentsByDocumentId" time="53.798"/><testcase name="TC_ApplicationByApplicationIdByTransactionsByTransactionId" time="56.445"/><testcase name="TC_ApplicationByApplicationId" time="79.962"><failure type="Cancelling due to failed test step" message="Cancelling due to failed test step"><![CDATA[<h3><b>ApplicationByApplicationId Failed</b></h3><pre>com.microsoft.sqlserver.jdbc.SQLServerException: Connection reset
error at line: 96
</pre><hr/>]]></failure></testcase><testcase name="TC_ApplicationsByApplicationReference" time="167.814"/><testcase name="TC_BrokerByBrokerIdByContactsByContactId" time="51.112"/><testcase name="TC_BrokerByBrokerIdByContacts" time="51.659"/><testcase name="TC_BrokerByBrokerId" time="78.597"/><testcase name="TC_BrokersByBrokersReference" time="42.042"/><testcase name="TC_MemberByMemberIdByRisks" time="365.886"/><testcase name="TC_MembersByMemberId" time="24.44"/><testcase name="TC_MembersByMemberReference" time="43.965"/><testcase name="TC_ReferenceByCountries" time="345.446"/><testcase name="TC_ReferenceByDocumentStatuses" time="7.209"/><testcase name="TC_ReferenceByDocumentTypes" time="17.035"/><testcase name="TC_ReferenceRiskSubTypes" time="7.321"/><testcase name="TC_RiskWithMultipleParameters" time="304.926"/><testcase name="TC_RisksByApplicationRiskId" time="62.676"/></testsuite>